07/22/2018 05:33:05 PM - tapway-face - INFO: Starting new tensorflow session with gpu memory fraction 1.0
07/22/2018 05:33:06 PM - tapway-face - INFO: Initializing Tkinter GUI and loading all libraries
07/22/2018 05:33:06 PM - tapway-face - INFO: Reading configuration from "config.ini"
07/22/2018 05:33:07 PM - tapway-face - INFO: Image list with 2 row has been created
07/22/2018 05:33:08 PM - tapway-face - INFO: Initialization and loading completed
07/22/2018 05:33:08 PM - tapway-face - WARNING: Blur image of face number 1 is filtered as it execeeded threshold 5.0
07/22/2018 05:33:08 PM - tapway-face - INFO: Image of face number 1 is saved to blur_img
07/22/2018 05:33:10 PM - tapway-face - WARNING: Blur image of face number 2 is filtered as it execeeded threshold 5.0
07/22/2018 05:33:10 PM - tapway-face - INFO: Image of face number 2 is saved to blur_img
07/22/2018 05:33:10 PM - tapway-face - INFO: Image of face number 3 is saved to sharp_img
07/22/2018 05:33:10 PM - tapway-face - WARNING: Face number 3 is filtered as yaw angle (36.3133544921875) exceeded yaw filter (35.0)
07/22/2018 05:33:11 PM - tapway-face - INFO: Image of face number 4 is saved to sharp_img
07/22/2018 05:33:11 PM - tapway-face - WARNING: Face number 4 is filtered as yaw angle (44.78874969482422) exceeded yaw filter (35.0)
07/22/2018 05:33:12 PM - tapway-face - INFO: Image of face number 5 is saved to sharp_img
07/22/2018 05:33:12 PM - tapway-face - INFO: Tracking new face 5 in (429.0799934901297,274.0253506973386), (576.1125606447458,441.5860589258373)
07/22/2018 05:33:12 PM - tapway-face - INFO: Image of face number 5 is saved to face_img
07/22/2018 05:33:12 PM - tapway-face - INFO: Sending face image number 5 to AWS for recognition
07/22/2018 05:33:13 PM - tapway-face - INFO: Image of face number 6 is saved to sharp_img
07/22/2018 05:33:13 PM - tapway-face - WARNING: Face number 6 is filtered as yaw angle (42.117984771728516) exceeded yaw filter (35.0)
07/22/2018 05:33:14 PM - tapway-face - WARNING: Blur image of face number 7 is filtered as it execeeded threshold 5.0
07/22/2018 05:33:14 PM - tapway-face - INFO: Image of face number 7 is saved to blur_img
07/22/2018 05:33:14 PM - tapway-face - WARNING: Blur image of face number 8 is filtered as it execeeded threshold 5.0
07/22/2018 05:33:14 PM - tapway-face - INFO: Image of face number 8 is saved to blur_img
07/22/2018 05:33:14 PM - tapway-face - WARNING: Blur image of face number 9 is filtered as it execeeded threshold 5.0
07/22/2018 05:33:14 PM - tapway-face - INFO: Image of face number 9 is saved to blur_img
07/22/2018 05:33:15 PM - tapway-face - WARNING: AWS Exception, no face detected
07/22/2018 05:33:15 PM - tapway-face - INFO: Image of face number 10 is saved to sharp_img
07/22/2018 05:33:15 PM - tapway-face - INFO: Tracking new face 10 in (420.30996648967266,310.29910284280777), (571.4667943120003,487.9274769425392)
07/22/2018 05:33:15 PM - tapway-face - INFO: Image of face number 10 is saved to face_img
07/22/2018 05:33:15 PM - tapway-face - INFO: Sending face image number 10 to AWS for recognition
07/22/2018 05:33:16 PM - tapway-face - INFO: New face with ID 10 has been added to image list
07/22/2018 05:33:16 PM - tapway-face - INFO: Face ID 20a1a34b-a946-4e55-8e48-4c09afe84200 matched
07/22/2018 05:33:24 PM - tapway-face - INFO: Face with ID 20a1a34b-a946-4e55-8e48-4c09afe84200 has been set to the name Zhi Qin
07/22/2018 05:33:27 PM - tapway-face - INFO: Face with ID 20a1a34b-a946-4e55-8e48-4c09afe84200 has been set to the name 
07/22/2018 05:33:34 PM - tapway-face - INFO: Face with ID 20a1a34b-a946-4e55-8e48-4c09afe84200 has been set to the name Zhi Qin
07/22/2018 05:33:39 PM - tapway-face - INFO: New pitch filter value is set to 20.0 by user
07/22/2018 05:33:39 PM - tapway-face - INFO: New yaw filter value is set to 35.0 by user
07/22/2018 05:33:39 PM - tapway-face - INFO: New blur filter factor is set to 5.0 by user
07/22/2018 05:33:40 PM - tapway-face - INFO: New yaw filter value is set to 36.0 by user
07/22/2018 05:33:41 PM - tapway-face - INFO: New yaw filter value is set to 31.395348837209305 by user
07/22/2018 05:33:41 PM - tapway-face - INFO: New yaw filter value is set to 30.348837209302324 by user
07/22/2018 05:33:41 PM - tapway-face - INFO: New yaw filter value is set to 27.209302325581394 by user
07/22/2018 05:33:41 PM - tapway-face - INFO: New yaw filter value is set to 26.16279069767442 by user
07/22/2018 05:33:41 PM - tapway-face - INFO: New yaw filter value is set to 24.069767441860463 by user
07/22/2018 05:33:41 PM - tapway-face - INFO: New yaw filter value is set to 23.02325581395349 by user
07/22/2018 05:33:41 PM - tapway-face - INFO: New yaw filter value is set to 20.930232558139533 by user
